Arguments: 
  /usr/local/bin/node /usr/local/bin/yarn build

PATH: 
  /usr/local/bin:/usr/bin:/bin:/usr/sbin:/sbin

Yarn version: 
  1.22.19

Node version: 
  16.15.1

Platform: 
  darwin arm64

Trace: 
  SyntaxError: /Users/amirhossein/Desktop/temp/node/package.json: Unexpected token } in JSON at position 582
      at JSON.parse (<anonymous>)
      at /usr/local/lib/node_modules/yarn/lib/cli.js:1629:59
      at Generator.next (<anonymous>)
      at step (/usr/local/lib/node_modules/yarn/lib/cli.js:310:30)
      at /usr/local/lib/node_modules/yarn/lib/cli.js:321:13

npm manifest: 
  {
    "name": "blog",
    "version": "0.1.0",
    "private": true,
    "dependencies": {
      "@emotion/react": "^11.9.0",
      "@emotion/styled": "^11.8.1",
      "@mui/icons-material": "^5.6.1",
      "@mui/material": "^5.6.1",
      "aos": "^2.3.4",
      "axios": "^1.4.0",
      "dompurify": "^3.0.3",
      "react": "^18.0.0",
      "react-dom": "^18.0.0",
      "react-horizontal-scrolling-menu": "^2.7.1",
      "react-icons": "^4.8.0",
      "react-loader-spinner": "^6.0.0-0",
      "react-modal-video": "^2.0.0",
      "react-router-dom": "^6.3.0",
      "react-scripts": "5.0.1",
      "swiper": "^9.3.2",
    },
    "scripts": {
      "start": "react-scripts start",
      "build": "react-scripts build",
      "test": "react-scripts test",
      "eject": "react-scripts eject"
    },
    "homepage":".",
    "eslintConfig": {
      "extends": [
        "react-app",
        "react-app/jest"
      ]
    },
    "browserslist": {
      "production": [
        ">0.2%",
        "not dead",
        "not op_mini all"
      ],
      "development": [
        "last 1 chrome version",
        "last 1 firefox version",
        "last 1 safari version"
      ]
    },
    "devDependencies": {
      "tailwindcss": "^3.3.2"
    }
  }

yarn manifest: 
  No manifest

Lockfile: 
  No lockfile
